Warning: Function D:\bitbacket\phd_codesourse\graph_matching_SMAC\util\assert.m 
has the same name as a MATLAB builtin. We suggest you rename the function to 
avoid a potential name conflict.  
Compiler version: 4.9 (R2008b)  
Warning: Duplicate directory name: C:\Program 
Files\MATLAB\R2008b\toolbox\shared\idelinks\idelinkdemos.  
Warning: Duplicate directory name: C:\Program 
Files\MATLAB\R2008b\toolbox\shared\idelinks\idelinkdemos.  
mcc -W 'cpplib:graphmatching' -d 'D:\bitbacket\phd_codesourse\libmatching\graphmatching\src' -T 'link:lib' -v 'D:\bitbacket\phd_codesourse\libmatching\matchingGraphs.m'  
Warning: Name is nonexistent or not a directory: C:\Program 
Files\MATLAB\R2008b\toolbox\compiler\patch.  
Warning: Name is nonexistent or not a directory: C:\Program 
Files\MATLAB\R2008b\toolbox\compiler\patch.  
Processing C:\Program Files\MATLAB\R2008b\toolbox\matlab\mcc.enc 
Processing C:\Program Files\MATLAB\R2008b\toolbox\images\mcc.enc 
Processing C:\Program Files\MATLAB\R2008b\toolbox\shared\imageslib\mcc.enc 
Processing include files... 
2 item(s) added. 
Processing directories installed with MCR... 
The file D:\bitbacket\phd_codesourse\libmatching\graphmatching\src\mccExcludedFiles.log contains a list of functions excluded from the CTF archive. 
2 item(s) added. 
Generating MATLAB path for the compiled application... 
Created 50 path items. 
Begin validation of MEX files: Tue Feb 24 19:45:28 2015  
Validating 'C:\Program Files\MATLAB\R2008b\toolbox\images\images\private\cq.mexw32'.  
No conflicting M-file found.  
Validating 'C:\Program Files\MATLAB\R2008b\toolbox\images\images\private\ditherc.mexw32'.  
Found M-file 'C:\Program Files\MATLAB\R2008b\toolbox\images\images\private\ditherc.m'.  
MEX file  
    'C:\Program Files\MATLAB\R2008b\toolbox\images\images\private\ditherc.mexw32'  
 is valid. It contains 'mexFunction.'  
Validating 'C:\Program Files\MATLAB\R2008b\toolbox\images\images\private\grayto8.mexw32'.  
Found M-file 'C:\Program Files\MATLAB\R2008b\toolbox\images\images\private\grayto8.m'.  
MEX file  
    'C:\Program Files\MATLAB\R2008b\toolbox\images\images\private\grayto8.mexw32'  
 is valid. It contains 'mexFunction.'  
Validating 'C:\Program Files\MATLAB\R2008b\toolbox\images\images\private\imhistc.mexw32'.  
Found M-file 'C:\Program Files\MATLAB\R2008b\toolbox\images\images\private\imhistc.m'.  
MEX file  
    'C:\Program Files\MATLAB\R2008b\toolbox\images\images\private\imhistc.mexw32'  
 is valid. It contains 'mexFunction.'  
Validating 'C:\Program Files\MATLAB\R2008b\toolbox\images\images\private\imlincombc.mexw32'.  
No conflicting M-file found.  
Validating 'C:\Program Files\MATLAB\R2008b\toolbox\images\images\private\immultmex.mexw32'.  
No conflicting M-file found.  
Validating 'C:\Program Files\MATLAB\R2008b\toolbox\images\images\private\ind2rgb8c.mexw32'.  
No conflicting M-file found.  
Validating 'C:\Program Files\MATLAB\R2008b\toolbox\images\images\private\int16touint16.mexw32'.  
No conflicting M-file found.  
Validating 'C:\Program Files\MATLAB\R2008b\toolbox\images\images\private\intlutc.mexw32'.  
No conflicting M-file found.  
Validating 'C:\Program Files\MATLAB\R2008b\toolbox\images\images\private\parityscan.mexw32'.  
No conflicting M-file found.  
Validating 'C:\Program Files\MATLAB\R2008b\toolbox\images\images\private\resizeColumnsCore.mexw32'.  
No conflicting M-file found.  
Validating 'C:\Program Files\MATLAB\R2008b\toolbox\images\iptformats\private\bitparse.mexw32'.  
No conflicting M-file found.  
Validating 'C:\Program Files\MATLAB\R2008b\toolbox\images\iptformats\private\dicom_decode_rle_segment.mexw32'.  
No conflicting M-file found.  
Validating 'C:\Program Files\MATLAB\R2008b\toolbox\images\iptformats\private\dicomlookup_helper.mexw32'.  
No conflicting M-file found.  
Validating 'C:\Program Files\MATLAB\R2008b\toolbox\images\iptformats\private\dicomparse.mexw32'.  
No conflicting M-file found.  
Validating 'C:\Program Files\MATLAB\R2008b\toolbox\images\iptformats\private\tobits.mexw32'.  
No conflicting M-file found.  
Validating 'C:\Program Files\MATLAB\R2008b\toolbox\images\iptutils\iptcheckinput.mexw32'.  
Found M-file 'C:\Program Files\MATLAB\R2008b\toolbox\images\iptutils\iptcheckinput.m'.  
MEX file  
    'C:\Program Files\MATLAB\R2008b\toolbox\images\iptutils\iptcheckinput.mexw32'  
 is valid. It contains 'mexFunction.'  
Validating 'C:\Program Files\MATLAB\R2008b\toolbox\images\iptutils\private\iptregistry.mexw32'.  
Found M-file 'C:\Program Files\MATLAB\R2008b\toolbox\images\iptutils\private\iptregistry.m'.  
MEX file  
    'C:\Program Files\MATLAB\R2008b\toolbox\images\iptutils\private\iptregistry.mexw32'  
 is valid. It contains 'mexFunction.'  
Validating 'C:\Program Files\MATLAB\R2008b\toolbox\mytools\pmtk3-2april2011\toolbox\algorithms\optimization\assignmentoptimal.mexw32'.  
Found M-file 'C:\Program Files\MATLAB\R2008b\toolbox\mytools\pmtk3-2april2011\toolbox\algorithms\optimization\assignmentoptimal.m'.  
MEX file  
    'C:\Program Files\MATLAB\R2008b\toolbox\mytools\pmtk3-2april2011\toolbox\algorithms\optimization\assignmentoptimal.mexw32'  
 is valid. It contains 'mexFunction.'  
Validating 'D:\bitbacket\phd_codesourse\graph_matching_SMAC\util\mex_matchingW2.mexw32'.  
No conflicting M-file found.  
End validation of MEX files: Tue Feb 24 19:45:28 2015  
Warning: Name is nonexistent or not a directory: C:\Program 
Files\MATLAB\R2008b\toolbox\compiler\patch.  
Deleting 21 temporary MEX authorization files.  
Removing: 'C:\Users\F0b0s\AppData\Local\Temp\mathworks_tmp_5016_28113_5016.auth'.  
Removing: 'C:\Users\F0b0s\AppData\Local\Temp\mathworks_tmp_5016_16888_5016.auth'.  
Removing: 'C:\Users\F0b0s\AppData\Local\Temp\mathworks_tmp_5016_32237_5016.auth'.  
Removing: 'C:\Users\F0b0s\AppData\Local\Temp\mathworks_tmp_5016_11966_5016.auth'.  
Removing: 'C:\Users\F0b0s\AppData\Local\Temp\mathworks_tmp_5016_1132_5016.auth'.  
Removing: 'C:\Users\F0b0s\AppData\Local\Temp\mathworks_tmp_5016_18545_5016.auth'.  
Removing: 'C:\Users\F0b0s\AppData\Local\Temp\mathworks_tmp_5016_29927_5016.auth'.  
Removing: 'C:\Users\F0b0s\AppData\Local\Temp\mathworks_tmp_5016_28388_5016.auth'.  
Removing: 'C:\Users\F0b0s\AppData\Local\Temp\mathworks_tmp_5016_2048_5016.auth'.  
Removing: 'C:\Users\F0b0s\AppData\Local\Temp\mathworks_tmp_5016_22504_5016.auth'.  
Removing: 'C:\Users\F0b0s\AppData\Local\Temp\mathworks_tmp_5016_17707_5016.auth'.  
Removing: 'C:\Users\F0b0s\AppData\Local\Temp\mathworks_tmp_5016_6748_5016.auth'.  
Removing: 'C:\Users\F0b0s\AppData\Local\Temp\mathworks_tmp_5016_26632_5016.auth'.  
Removing: 'C:\Users\F0b0s\AppData\Local\Temp\mathworks_tmp_5016_27321_5016.auth'.  
Removing: 'C:\Users\F0b0s\AppData\Local\Temp\mathworks_tmp_5016_25909_5016.auth'.  
Removing: 'C:\Users\F0b0s\AppData\Local\Temp\mathworks_tmp_5016_23812_5016.auth'.  
Removing: 'C:\Users\F0b0s\AppData\Local\Temp\mathworks_tmp_5016_13054_5016.auth'.  
Removing: 'C:\Users\F0b0s\AppData\Local\Temp\mathworks_tmp_5016_24397_5016.auth'.  
Removing: 'C:\Users\F0b0s\AppData\Local\Temp\mathworks_tmp_5016_23647_5016.auth'.  
Removing: 'C:\Users\F0b0s\AppData\Local\Temp\mathworks_tmp_5016_31007_5016.auth'.  
Removing: 'C:\Users\F0b0s\AppData\Local\Temp\mathworks_tmp_5016_22825_5016.auth'.  
Parsing file "D:\bitbacket\phd_codesourse\libmatching\matchingGraphs.m" 
	(Referenced from: "Compiler Command Line").  
Parsing file "C:\Program Files\MATLAB\R2008b\toolbox\compiler\deploy\deployprint.m" 
	(Referenced from: "Compiler Command Line").  
Parsing file "C:\Program Files\MATLAB\R2008b\toolbox\compiler\deploy\printdlg.m" 
	(Referenced from: "Compiler Command Line").  
Generating file "D:\bitbacket\phd_codesourse\libmatching\graphmatching\src\graphmatching.h".  
Generating file "D:\bitbacket\phd_codesourse\libmatching\graphmatching\src\graphmatching.cpp".  
Generating file "D:\bitbacket\phd_codesourse\libmatching\graphmatching\src\graphmatching.exports".  
Generating file "D:\bitbacket\phd_codesourse\libmatching\graphmatching\src\readme.txt".  
Generating file "D:\bitbacket\phd_codesourse\libmatching\graphmatching\src\graphmatching_mcc_component_data.c".  
Executing command: mbuild  -O -v -output "graphmatching" -I"D:\bitbacket\phd_codesourse\libmatching\graphmatching\src" "D:\bitbacket\phd_codesourse\libmatching\graphmatching\src\graphmatching.cpp" "D:\bitbacket\phd_codesourse\libmatching\graphmatching\src\graphmatching.exports" "D:\bitbacket\phd_codesourse\libmatching\graphmatching\src\graphmatching_mcc_component_data.c" -link shared -outdir "D:\bitbacket\phd_codesourse\libmatching\graphmatching\src"  
 This is mbuild Copyright 1984-2006 The MathWorks, Inc. 
 
-> Default options filename found in C:\Users\F0b0s\AppData\Roaming\MathWorks\MATLAB\R2008b 
---------------------------------------------------------------- 
->    Options file           = C:\Users\F0b0s\AppData\Roaming\MathWorks\MATLAB\R2008b\compopts.bat 
->    COMPILER               = cl 
->    Compiler flags: 
         COMPFLAGS           = -c -Zp8 -GR -EHsc- -Zc:wchar_t- -W3 -nologo -I"C:\PROGRA~1\MATLAB\R2008b\extern\include\win32" -DMSVC -DIBMPC /D_CRT_SECURE_NO_DEPRECATE 
         OPTIMFLAGS          = -O2 -DNDEBUG 
         DEBUGFLAGS          = -Zi -Fd"D:\BITBAC~1\PHD_CO~1\LIBMAT~1\GRAPHM~1\SRC\graphmatching.pdb" 
         arguments           =  -ID:\BITBAC~1\PHD_CO~1\LIBMAT~1\GRAPHM~1\SRC 
         Name switch         = /Fo 
->    Pre-linking commands   =  
->    LINKER                 = link 
->    Link directives: 
         LINKFLAGS           =  kernel32.lib user32.lib gdi32.lib winspool.lib comdlg32.lib advapi32.lib shell32.lib oleaut32.lib ole32.lib uuid.lib odbc32.lib odbccp32.lib /LIBPATH:"C:\PROGRA~1\MATLAB\R2008b\extern\lib\win32\microsoft" /nologo mclmcrrt.lib   /dll /implib:"D:\BITBAC~1\PHD_CO~1\LIBMAT~1\GRAPHM~1\SRC\graphmatching.lib" /def:C:\USERS\F0B0S\APPDATA\LOCAL\TEMP\MBUILD~1\templib.def 
         LINKFLAGSPOST       =  
         Name directive      = "/out:D:\BITBAC~1\PHD_CO~1\LIBMAT~1\GRAPHM~1\SRC\graphmatching.dll" 
         File link directive =  
         Lib. link directive =  
         Rsp file indicator  = @ 
->    Resource Compiler      = rc /fo "D:\BITBAC~1\PHD_CO~1\LIBMAT~1\GRAPHM~1\SRC\.res" 
->    Resource Linker        =  
---------------------------------------------------------------- 
 
 
--> cl  -ID:\BITBAC~1\PHD_CO~1\LIBMAT~1\GRAPHM~1\SRC -c -Zp8 -GR -EHsc- -Zc:wchar_t- -W3 -nologo -I"C:\PROGRA~1\MATLAB\R2008b\extern\include\win32" -DMSVC -DIBMPC /D_CRT_SECURE_NO_DEPRECATE /FoC:\USERS\F0B0S\APPDATA\LOCAL\TEMP\MBUILD~1\graphmatching.obj -IC:\PROGRA~1\MATLAB\R2008b\extern\include -IC:\PROGRA~1\MATLAB\R2008b\simulink\include -O2 -DNDEBUG D:\BITBAC~1\PHD_CO~1\LIBMAT~1\GRAPHM~1\SRC\graphmatching.cpp 
 
graphmatching.cpp 
 
--> cl  -ID:\BITBAC~1\PHD_CO~1\LIBMAT~1\GRAPHM~1\SRC -c -Zp8 -GR -EHsc- -Zc:wchar_t- -W3 -nologo -I"C:\PROGRA~1\MATLAB\R2008b\extern\include\win32" -DMSVC -DIBMPC /D_CRT_SECURE_NO_DEPRECATE /FoC:\USERS\F0B0S\APPDATA\LOCAL\TEMP\MBUILD~1\graphmatching_mcc_component_data.obj -IC:\PROGRA~1\MATLAB\R2008b\extern\include -IC:\PROGRA~1\MATLAB\R2008b\simulink\include -O2 -DNDEBUG D:\BITBAC~1\PHD_CO~1\LIBMAT~1\GRAPHM~1\SRC\graphmatching_mcc_component_data.c 
 
graphmatching_mcc_component_data.c 
 
--> type C:\USERS\F0B0S\APPDATA\LOCAL\TEMP\MBUILD~1\mbuild_tmp.exports | "C:\PROGRA~1\MATLAB\R2008b\sys\perl\win32\bin\perl.exe" -e "print \"LIBRARY graphmatching.dll\nEXPORTS\n\"; while (<>) {print;}" > C:\USERS\F0B0S\APPDATA\LOCAL\TEMP\MBUILD~1\templib.def 
 
    Contents of C:\USERS\F0B0S\APPDATA\LOCAL\TEMP\MBUILD~1\mbuild_tmp.rsp: 
  C:\USERS\F0B0S\APPDATA\LOCAL\TEMP\MBUILD~1\graphmatching.obj  C:\USERS\F0B0S\APPDATA\LOCAL\TEMP\MBUILD~1\graphmatching_mcc_component_data.obj 
 
 
--> link "/out:D:\BITBAC~1\PHD_CO~1\LIBMAT~1\GRAPHM~1\SRC\graphmatching.dll"  kernel32.lib user32.lib gdi32.lib winspool.lib comdlg32.lib advapi32.lib shell32.lib oleaut32.lib ole32.lib uuid.lib odbc32.lib odbccp32.lib /LIBPATH:"C:\PROGRA~1\MATLAB\R2008b\extern\lib\win32\microsoft" /nologo mclmcrrt.lib   /dll /implib:"D:\BITBAC~1\PHD_CO~1\LIBMAT~1\GRAPHM~1\SRC\graphmatching.lib" /def:C:\USERS\F0B0S\APPDATA\LOCAL\TEMP\MBUILD~1\templib.def  @C:\USERS\F0B0S\APPDATA\LOCAL\TEMP\MBUILD~1\MBUILD~1.RSP   
 
   Creating library D:\BITBAC~1\PHD_CO~1\LIBMAT~1\GRAPHM~1\SRC\graphmatching.lib and object D:\BITBAC~1\PHD_CO~1\LIBMAT~1\GRAPHM~1\SRC\graphmatching.exp 
 
--> "if exist C:\USERS\F0B0S\APPDATA\LOCAL\TEMP\MBUILD~1\templib.def del C:\USERS\F0B0S\APPDATA\LOCAL\TEMP\MBUILD~1\templib.def" 
 
